<?xml version="1.0" encoding="UTF-8"?>
<!-- Generated by org.testng.reporters.JUnitXMLReporter -->
<testsuite ignored="0" hostname="Anand" failures="3" tests="4" name="TestPractice" time="277.841" errors="0" timestamp="2021-12-12T22:12:17 IST">
  <testcase classname="com.learn.blazedemo.tests.SearchFlight" name="tc_01_testBookFlight" time="8.351"/>
  <testcase classname="com.learn.blazedemo.tests.SearchFlight" name="tc_02_testBookFlight" time="31.904">
    <failure type="java.lang.AssertionError" message="Search Result is Empty expected [Flights from São Paolo to New York:] but found []">
      <![CDATA[java.lang.AssertionError: Search Result is Empty expected [Flights from São Paolo to New York:] but found []
at com.learn.blazedemo.tests.SearchFlight.tc_02_testBookFlight(SearchFlight.java:46)
at java.base/java.util.ArrayList.forEach(ArrayList.java:1511)
at com.intellij.rt.testng.IDEARemoteTestNG.run(IDEARemoteTestNG.java:66)
at com.intellij.rt.testng.RemoteTestNGStarter.main(RemoteTestNGStarter.java:110)
at com.intellij.rt.execution.application.AppMainV2.main(AppMainV2.java:131)
... Removed 33 stack frames]]>
    </failure>
  </testcase> <!-- tc_02_testBookFlight -->
  <testcase classname="com.learn.blazedemo.tests.SearchFlight" name="tc_03_testBookFlight" time="34.145">
    <failure type="java.lang.AssertionError" message="Reservation Form is not displayed expected [Your flight from TLV to SFO has been reserved.] but found []">
      <![CDATA[java.lang.AssertionError: Reservation Form is not displayed expected [Your flight from TLV to SFO has been reserved.] but found []
at com.learn.blazedemo.tests.SearchFlight.tc_03_testBookFlight(SearchFlight.java:71)
at java.base/java.util.ArrayList.forEach(ArrayList.java:1511)
at com.intellij.rt.testng.IDEARemoteTestNG.run(IDEARemoteTestNG.java:66)
at com.intellij.rt.testng.RemoteTestNGStarter.main(RemoteTestNGStarter.java:110)
at com.intellij.rt.execution.application.AppMainV2.main(AppMainV2.java:131)
... Removed 33 stack frames]]>
    </failure>
  </testcase> <!-- tc_03_testBookFlight -->
  <testcase classname="com.learn.blazedemo.tests.SearchFlight" name="tc_04_testBookFlight" time="36.649">
    <failure type="java.lang.AssertionError" message="Confirmation Screen is not displayed expected [Thank you for your purchase today!] but found []">
      <![CDATA[java.lang.AssertionError: Confirmation Screen is not displayed expected [Thank you for your purchase today!] but found []
at com.learn.blazedemo.tests.SearchFlight.tc_04_testBookFlight(SearchFlight.java:95)
at java.base/java.util.ArrayList.forEach(ArrayList.java:1511)
at com.intellij.rt.testng.IDEARemoteTestNG.run(IDEARemoteTestNG.java:66)
at com.intellij.rt.testng.RemoteTestNGStarter.main(RemoteTestNGStarter.java:110)
at com.intellij.rt.execution.application.AppMainV2.main(AppMainV2.java:131)
... Removed 33 stack frames]]>
    </failure>
  </testcase> <!-- tc_04_testBookFlight -->
</testsuite> <!-- TestPractice -->
